<?xml version="1.0" encoding="UTF-8"?>
<coverage generated="1781635377307" clover="3.2.0">
  <project timestamp="1781635377307" name="All files">
    <metrics statements="108" coveredstatements="90" conditionals="58" coveredconditionals="36" methods="38" coveredmethods="28" elements="204" coveredelements="154" complexity="0" loc="108" ncloc="108" packages="4" files="11" classes="11"/>
    <package name="components.ui">
      <metrics statements="44" coveredstatements="35" conditionals="17" coveredconditionals="11" methods="21" coveredmethods="14"/>
      <file name="badge.tsx" path="C:\Users\nbfer\Desktop\--STUDI--\Développement d'une solution digitale avec Python\M-Motors\m-motors-frontend\components\ui\badge.tsx">
        <metrics statements="7" coveredstatements="7" conditionals="4" coveredconditionals="2" methods="1" coveredmethods="1"/>
        <line num="1" count="1" type="stmt"/>
        <line num="2" count="1" type="stmt"/>
        <line num="3" count="1" type="stmt"/>
        <line num="5" count="1" type="stmt"/>
        <line num="7" count="1" type="stmt"/>
        <line num="37" count="4" type="cond" truecount="1" falsecount="1"/>
        <line num="49" count="4" type="stmt"/>
      </file>
      <file name="button.tsx" path="C:\Users\nbfer\Desktop\--STUDI--\Développement d'une solution digitale avec Python\M-Motors\m-motors-frontend\components\ui\button.tsx">
        <metrics statements="7" coveredstatements="7" conditionals="5" coveredconditionals="3" methods="1" coveredmethods="1"/>
        <line num="1" count="1" type="stmt"/>
        <line num="2" count="1" type="stmt"/>
        <line num="3" count="1" type="stmt"/>
        <line num="5" count="1" type="stmt"/>
        <line num="7" count="1" type="stmt"/>
        <line num="54" count="7" type="cond" truecount="1" falsecount="1"/>
        <line num="67" count="7" type="stmt"/>
      </file>
      <file name="card.tsx" path="C:\Users\nbfer\Desktop\--STUDI--\Développement d'une solution digitale avec Python\M-Motors\m-motors-frontend\components\ui\card.tsx">
        <metrics statements="9" coveredstatements="5" conditionals="1" coveredconditionals="1" methods="7" coveredmethods="3"/>
        <line num="1" count="2" type="stmt"/>
        <line num="3" count="2" type="stmt"/>
        <line num="96" count="11" type="stmt"/>
        <line num="97" count="4" type="stmt"/>
        <line num="98" count="0" type="stmt"/>
        <line num="99" count="0" type="stmt"/>
        <line num="100" count="0" type="stmt"/>
        <line num="101" count="0" type="stmt"/>
        <line num="102" count="4" type="stmt"/>
      </file>
      <file name="input.tsx" path="C:\Users\nbfer\Desktop\--STUDI--\Développement d'une solution digitale avec Python\M-Motors\m-motors-frontend\components\ui\input.tsx">
        <metrics statements="3" coveredstatements="3" conditionals="0" coveredconditionals="0" methods="1" coveredmethods="1"/>
        <line num="1" count="1" type="stmt"/>
        <line num="3" count="1" type="stmt"/>
        <line num="19" count="28" type="stmt"/>
      </file>
      <file name="label.tsx" path="C:\Users\nbfer\Desktop\--STUDI--\Développement d'une solution digitale avec Python\M-Motors\m-motors-frontend\components\ui\label.tsx">
        <metrics statements="4" coveredstatements="4" conditionals="0" coveredconditionals="0" methods="1" coveredmethods="1"/>
        <line num="3" count="1" type="stmt"/>
        <line num="4" count="1" type="stmt"/>
        <line num="6" count="1" type="stmt"/>
        <line num="24" count="34" type="stmt"/>
      </file>
      <file name="select.tsx" path="C:\Users\nbfer\Desktop\--STUDI--\Développement d'une solution digitale avec Python\M-Motors\m-motors-frontend\components\ui\select.tsx">
        <metrics statements="14" coveredstatements="9" conditionals="7" coveredconditionals="5" methods="10" coveredmethods="7"/>
        <line num="3" count="1" type="stmt"/>
        <line num="4" count="1" type="stmt"/>
        <line num="6" count="1" type="stmt"/>
        <line num="7" count="1" type="stmt"/>
        <line num="182" count="6" type="stmt"/>
        <line num="183" count="6" type="stmt"/>
        <line num="184" count="0" type="stmt"/>
        <line num="185" count="18" type="stmt"/>
        <line num="186" count="0" type="stmt"/>
        <line num="187" count="0" type="stmt"/>
        <line num="188" count="0" type="stmt"/>
        <line num="189" count="0" type="stmt"/>
        <line num="190" count="6" type="stmt"/>
        <line num="191" count="6" type="stmt"/>
      </file>
    </package>
    <package name="components.vehicles">
      <metrics statements="50" coveredstatements="48" conditionals="30" coveredconditionals="24" methods="15" coveredmethods="13"/>
      <file name="FilterBar.tsx" path="C:\Users\nbfer\Desktop\--STUDI--\Développement d'une solution digitale avec Python\M-Motors\m-motors-frontend\components\vehicles\FilterBar.tsx">
        <metrics statements="10" coveredstatements="10" conditionals="2" coveredconditionals="1" methods="5" coveredmethods="5"/>
        <line num="14" count="1" type="stmt"/>
        <line num="21" count="1" type="stmt"/>
        <line num="22" count="1" type="stmt"/>
        <line num="23" count="1" type="stmt"/>
        <line num="24" count="1" type="stmt"/>
        <line num="31" count="7" type="stmt"/>
        <line num="72" count="1" type="stmt"/>
        <line num="84" count="1" type="stmt"/>
        <line num="98" count="1" type="stmt"/>
        <line num="110" count="1" type="stmt"/>
      </file>
      <file name="ImageGallery.tsx" path="C:\Users\nbfer\Desktop\--STUDI--\Développement d'une solution digitale avec Python\M-Motors\m-motors-frontend\components\vehicles\ImageGallery.tsx">
        <metrics statements="29" coveredstatements="27" conditionals="12" coveredconditionals="10" methods="9" coveredmethods="7"/>
        <line num="9" count="1" type="stmt"/>
        <line num="10" count="1" type="stmt"/>
        <line num="11" count="1" type="stmt"/>
        <line num="12" count="1" type="stmt"/>
        <line num="13" count="1" type="stmt"/>
        <line num="23" count="6" type="stmt"/>
        <line num="27" count="18" type="stmt"/>
        <line num="28" count="18" type="stmt"/>
        <line num="29" count="18" type="stmt"/>
        <line num="32" count="18" type="stmt"/>
        <line num="33" count="33" type="cond" truecount="2" falsecount="0"/>
        <line num="36" count="33" type="cond" truecount="3" falsecount="0"/>
        <line num="40" count="18" type="stmt"/>
        <line num="41" count="27" type="stmt"/>
        <line num="42" count="27" type="cond" truecount="1" falsecount="1"/>
        <line num="43" count="27" type="stmt"/>
        <line num="44" count="27" type="stmt"/>
        <line num="45" count="27" type="stmt"/>
        <line num="50" count="18" type="stmt"/>
        <line num="51" count="12" type="cond" truecount="1" falsecount="1"/>
        <line num="52" count="12" type="stmt"/>
        <line num="53" count="12" type="stmt"/>
        <line num="54" count="12" type="stmt"/>
        <line num="56" count="12" type="stmt"/>
        <line num="57" count="12" type="stmt"/>
        <line num="60" count="18" type="cond" truecount="2" falsecount="0"/>
        <line num="73" count="27" type="stmt"/>
        <line num="91" count="0" type="stmt"/>
        <line num="98" count="0" type="stmt"/>
      </file>
      <file name="VehicleCard.tsx" path="C:\Users\nbfer\Desktop\--STUDI--\Développement d'une solution digitale avec Python\M-Motors\m-motors-frontend\components\vehicles\VehicleCard.tsx">
        <metrics statements="11" coveredstatements="11" conditionals="16" coveredconditionals="13" methods="1" coveredmethods="1"/>
        <line num="10" count="1" type="stmt"/>
        <line num="11" count="1" type="stmt"/>
        <line num="14" count="1" type="stmt"/>
        <line num="15" count="1" type="stmt"/>
        <line num="19" count="1" type="stmt"/>
        <line num="33" count="4" type="stmt"/>
        <line num="37" count="4" type="cond" truecount="2" falsecount="0"/>
        <line num="41" count="4" type="cond" truecount="2" falsecount="0"/>
        <line num="43" count="4" type="stmt"/>
        <line num="45" count="4" type="cond" truecount="3" falsecount="1"/>
        <line num="46" count="4" type="stmt"/>
      </file>
    </package>
    <package name="constants">
      <metrics statements="2" coveredstatements="1" conditionals="2" coveredconditionals="1" methods="0" coveredmethods="0"/>
      <file name="api.ts" path="C:\Users\nbfer\Desktop\--STUDI--\Développement d'une solution digitale avec Python\M-Motors\m-motors-frontend\constants\api.ts">
        <metrics statements="2" coveredstatements="1" conditionals="2" coveredconditionals="1" methods="0" coveredmethods="0"/>
        <line num="1" count="0" type="stmt"/>
        <line num="2" count="1" type="cond" truecount="1" falsecount="1"/>
      </file>
    </package>
    <package name="lib">
      <metrics statements="12" coveredstatements="6" conditionals="9" coveredconditionals="0" methods="2" coveredmethods="1"/>
      <file name="utils.ts" path="C:\Users\nbfer\Desktop\--STUDI--\Développement d'une solution digitale avec Python\M-Motors\m-motors-frontend\lib\utils.ts">
        <metrics statements="12" coveredstatements="6" conditionals="9" coveredconditionals="0" methods="2" coveredmethods="1"/>
        <line num="1" count="1" type="stmt"/>
        <line num="2" count="1" type="stmt"/>
        <line num="3" count="1" type="stmt"/>
        <line num="5" count="124" type="stmt"/>
        <line num="6" count="124" type="stmt"/>
        <line num="9" count="1" type="stmt"/>
        <line num="10" count="0" type="cond" truecount="0" falsecount="5"/>
        <line num="11" count="0" type="stmt"/>
        <line num="13" count="0" type="cond" truecount="0" falsecount="4"/>
        <line num="14" count="0" type="stmt"/>
        <line num="16" count="0" type="stmt"/>
        <line num="18" count="0" type="stmt"/>
      </file>
    </package>
  </project>
</coverage>
