{"C:\\Users\\nbfer\\Desktop\\--STUDI--\\Développement d'une solution digitale avec Python\\M-Motors\\m-motors-frontend\\components\\ui\\badge.tsx": {"path":"C:\\Users\\nbfer\\Desktop\\--STUDI--\\Développement d'une solution digitale avec Python\\M-Motors\\m-motors-frontend\\components\\ui\\badge.tsx","statementMap":{"0":{"start":{"line":49,"column":9},"end":{"line":49,"column":16}},"1":{"start":{"line":49,"column":16},"end":{"line":49,"column":null}},"2":{"start":{"line":1,"column":23},"end":{"line":1,"column":null}},"3":{"start":{"line":2,"column":39},"end":{"line":2,"column":null}},"4":{"start":{"line":3,"column":21},"end":{"line":3,"column":null}},"5":{"start":{"line":5,"column":19},"end":{"line":5,"column":null}},"6":{"start":{"line":7,"column":22},"end":{"line":27,"column":null}},"7":{"start":{"line":37,"column":15},"end":{"line":37,"column":null}}},"fnMap":{"0":{"name":"Badge","decl":{"start":{"line":30,"column":9},"end":{"line":30,"column":15}},"loc":{"start":{"line":36,"column":60},"end":{"line":47,"column":null}}}},"branchMap":{"0":{"loc":{"start":{"line":32,"column":2},"end":{"line":32,"column":21}},"type":"default-arg","locations":[{"start":{"line":32,"column":12},"end":{"line":32,"column":21}}]},"1":{"loc":{"start":{"line":33,"column":2},"end":{"line":33,"column":17}},"type":"default-arg","locations":[{"start":{"line":33,"column":12},"end":{"line":33,"column":17}}]},"2":{"loc":{"start":{"line":37,"column":15},"end":{"line":37,"column":null}},"type":"cond-expr","locations":[{"start":{"line":37,"column":25},"end":{"line":37,"column":34}},{"start":{"line":37,"column":37},"end":{"line":37,"column":null}}]}},"s":{"0":4,"1":0,"2":1,"3":1,"4":1,"5":1,"6":1,"7":4},"f":{"0":4},"b":{"0":[0],"1":[4],"2":[0,4]}}
,"C:\\Users\\nbfer\\Desktop\\--STUDI--\\Développement d'une solution digitale avec Python\\M-Motors\\m-motors-frontend\\components\\ui\\button.tsx": {"path":"C:\\Users\\nbfer\\Desktop\\--STUDI--\\Développement d'une solution digitale avec Python\\M-Motors\\m-motors-frontend\\components\\ui\\button.tsx","statementMap":{"0":{"start":{"line":67,"column":9},"end":{"line":67,"column":17}},"1":{"start":{"line":67,"column":17},"end":{"line":67,"column":null}},"2":{"start":{"line":1,"column":23},"end":{"line":1,"column":null}},"3":{"start":{"line":2,"column":39},"end":{"line":2,"column":null}},"4":{"start":{"line":3,"column":21},"end":{"line":3,"column":null}},"5":{"start":{"line":5,"column":19},"end":{"line":5,"column":null}},"6":{"start":{"line":7,"column":23},"end":{"line":41,"column":null}},"7":{"start":{"line":54,"column":15},"end":{"line":54,"column":null}}},"fnMap":{"0":{"name":"Button","decl":{"start":{"line":44,"column":9},"end":{"line":44,"column":16}},"loc":{"start":{"line":53,"column":3},"end":{"line":65,"column":null}}}},"branchMap":{"0":{"loc":{"start":{"line":46,"column":2},"end":{"line":46,"column":21}},"type":"default-arg","locations":[{"start":{"line":46,"column":12},"end":{"line":46,"column":21}}]},"1":{"loc":{"start":{"line":47,"column":2},"end":{"line":47,"column":18}},"type":"default-arg","locations":[{"start":{"line":47,"column":9},"end":{"line":47,"column":18}}]},"2":{"loc":{"start":{"line":48,"column":2},"end":{"line":48,"column":17}},"type":"default-arg","locations":[{"start":{"line":48,"column":12},"end":{"line":48,"column":17}}]},"3":{"loc":{"start":{"line":54,"column":15},"end":{"line":54,"column":null}},"type":"cond-expr","locations":[{"start":{"line":54,"column":25},"end":{"line":54,"column":34}},{"start":{"line":54,"column":37},"end":{"line":54,"column":null}}]}},"s":{"0":7,"1":0,"2":1,"3":1,"4":1,"5":1,"6":1,"7":7},"f":{"0":7},"b":{"0":[0],"1":[7],"2":[7],"3":[0,7]}}
,"C:\\Users\\nbfer\\Desktop\\--STUDI--\\Développement d'une solution digitale avec Python\\M-Motors\\m-motors-frontend\\components\\ui\\card.tsx": {"path":"C:\\Users\\nbfer\\Desktop\\--STUDI--\\Développement d'une solution digitale avec Python\\M-Motors\\m-motors-frontend\\components\\ui\\card.tsx","statementMap":{"0":{"start":{"line":96,"column":2},"end":{"line":96,"column":null}},"1":{"start":{"line":100,"column":2},"end":{"line":100,"column":null}},"2":{"start":{"line":102,"column":2},"end":{"line":102,"column":null}},"3":{"start":{"line":101,"column":2},"end":{"line":101,"column":null}},"4":{"start":{"line":98,"column":2},"end":{"line":98,"column":null}},"5":{"start":{"line":97,"column":2},"end":{"line":97,"column":null}},"6":{"start":{"line":99,"column":2},"end":{"line":99,"column":null}},"7":{"start":{"line":1,"column":23},"end":{"line":1,"column":null}},"8":{"start":{"line":3,"column":19},"end":{"line":3,"column":null}}},"fnMap":{"0":{"name":"Card","decl":{"start":{"line":5,"column":9},"end":{"line":5,"column":14}},"loc":{"start":{"line":9,"column":60},"end":{"line":21,"column":null}}},"1":{"name":"CardHeader","decl":{"start":{"line":23,"column":9},"end":{"line":23,"column":20}},"loc":{"start":{"line":23,"column":72},"end":{"line":34,"column":null}}},"2":{"name":"CardTitle","decl":{"start":{"line":36,"column":9},"end":{"line":36,"column":19}},"loc":{"start":{"line":36,"column":71},"end":{"line":47,"column":null}}},"3":{"name":"CardDescription","decl":{"start":{"line":49,"column":9},"end":{"line":49,"column":25}},"loc":{"start":{"line":49,"column":77},"end":{"line":57,"column":null}}},"4":{"name":"CardAction","decl":{"start":{"line":59,"column":9},"end":{"line":59,"column":20}},"loc":{"start":{"line":59,"column":72},"end":{"line":70,"column":null}}},"5":{"name":"CardContent","decl":{"start":{"line":72,"column":9},"end":{"line":72,"column":21}},"loc":{"start":{"line":72,"column":73},"end":{"line":80,"column":null}}},"6":{"name":"CardFooter","decl":{"start":{"line":82,"column":9},"end":{"line":82,"column":20}},"loc":{"start":{"line":82,"column":72},"end":{"line":93,"column":null}}}},"branchMap":{"0":{"loc":{"start":{"line":7,"column":2},"end":{"line":7,"column":18}},"type":"default-arg","locations":[{"start":{"line":7,"column":9},"end":{"line":7,"column":18}}]}},"s":{"0":11,"1":0,"2":4,"3":0,"4":0,"5":4,"6":0,"7":2,"8":2},"f":{"0":11,"1":4,"2":0,"3":0,"4":0,"5":4,"6":0},"b":{"0":[11]}}
,"C:\\Users\\nbfer\\Desktop\\--STUDI--\\Développement d'une solution digitale avec Python\\M-Motors\\m-motors-frontend\\components\\ui\\input.tsx": {"path":"C:\\Users\\nbfer\\Desktop\\--STUDI--\\Développement d'une solution digitale avec Python\\M-Motors\\m-motors-frontend\\components\\ui\\input.tsx","statementMap":{"0":{"start":{"line":19,"column":9},"end":{"line":19,"column":null}},"1":{"start":{"line":1,"column":23},"end":{"line":1,"column":null}},"2":{"start":{"line":3,"column":19},"end":{"line":3,"column":null}}},"fnMap":{"0":{"name":"Input","decl":{"start":{"line":5,"column":9},"end":{"line":5,"column":15}},"loc":{"start":{"line":5,"column":75},"end":{"line":17,"column":null}}}},"branchMap":{},"s":{"0":28,"1":1,"2":1},"f":{"0":28},"b":{}}
,"C:\\Users\\nbfer\\Desktop\\--STUDI--\\Développement d'une solution digitale avec Python\\M-Motors\\m-motors-frontend\\components\\ui\\label.tsx": {"path":"C:\\Users\\nbfer\\Desktop\\--STUDI--\\Développement d'une solution digitale avec Python\\M-Motors\\m-motors-frontend\\components\\ui\\label.tsx","statementMap":{"0":{"start":{"line":24,"column":9},"end":{"line":24,"column":null}},"1":{"start":{"line":3,"column":23},"end":{"line":3,"column":null}},"2":{"start":{"line":4,"column":40},"end":{"line":4,"column":null}},"3":{"start":{"line":6,"column":19},"end":{"line":6,"column":null}}},"fnMap":{"0":{"name":"Label","decl":{"start":{"line":8,"column":9},"end":{"line":8,"column":15}},"loc":{"start":{"line":11,"column":51},"end":{"line":22,"column":null}}}},"branchMap":{},"s":{"0":34,"1":1,"2":1,"3":1},"f":{"0":34},"b":{}}
,"C:\\Users\\nbfer\\Desktop\\--STUDI--\\Développement d'une solution digitale avec Python\\M-Motors\\m-motors-frontend\\components\\ui\\select.tsx": {"path":"C:\\Users\\nbfer\\Desktop\\--STUDI--\\Développement d'une solution digitale avec Python\\M-Motors\\m-motors-frontend\\components\\ui\\select.tsx","statementMap":{"0":{"start":{"line":182,"column":2},"end":{"line":182,"column":null}},"1":{"start":{"line":183,"column":2},"end":{"line":183,"column":null}},"2":{"start":{"line":184,"column":2},"end":{"line":184,"column":null}},"3":{"start":{"line":185,"column":2},"end":{"line":185,"column":null}},"4":{"start":{"line":186,"column":2},"end":{"line":186,"column":null}},"5":{"start":{"line":187,"column":2},"end":{"line":187,"column":null}},"6":{"start":{"line":188,"column":2},"end":{"line":188,"column":null}},"7":{"start":{"line":189,"column":2},"end":{"line":189,"column":null}},"8":{"start":{"line":190,"column":2},"end":{"line":190,"column":null}},"9":{"start":{"line":191,"column":2},"end":{"line":191,"column":null}},"10":{"start":{"line":3,"column":23},"end":{"line":3,"column":null}},"11":{"start":{"line":4,"column":42},"end":{"line":4,"column":null}},"12":{"start":{"line":6,"column":19},"end":{"line":6,"column":null}},"13":{"start":{"line":7,"column":58},"end":{"line":7,"column":null}}},"fnMap":{"0":{"name":"Select","decl":{"start":{"line":9,"column":9},"end":{"line":9,"column":16}},"loc":{"start":{"line":11,"column":52},"end":{"line":13,"column":null}}},"1":{"name":"SelectGroup","decl":{"start":{"line":15,"column":9},"end":{"line":15,"column":21}},"loc":{"start":{"line":18,"column":53},"end":{"line":26,"column":null}}},"2":{"name":"SelectValue","decl":{"start":{"line":28,"column":9},"end":{"line":28,"column":21}},"loc":{"start":{"line":30,"column":53},"end":{"line":32,"column":null}}},"3":{"name":"SelectTrigger","decl":{"start":{"line":34,"column":9},"end":{"line":34,"column":23}},"loc":{"start":{"line":41,"column":1},"end":{"line":58,"column":null}}},"4":{"name":"SelectContent","decl":{"start":{"line":60,"column":9},"end":{"line":60,"column":23}},"loc":{"start":{"line":66,"column":55},"end":{"line":91,"column":null}}},"5":{"name":"SelectLabel","decl":{"start":{"line":93,"column":9},"end":{"line":93,"column":21}},"loc":{"start":{"line":96,"column":53},"end":{"line":104,"column":null}}},"6":{"name":"SelectItem","decl":{"start":{"line":106,"column":9},"end":{"line":106,"column":20}},"loc":{"start":{"line":110,"column":52},"end":{"line":128,"column":null}}},"7":{"name":"SelectSeparator","decl":{"start":{"line":130,"column":9},"end":{"line":130,"column":25}},"loc":{"start":{"line":133,"column":57},"end":{"line":141,"column":null}}},"8":{"name":"SelectScrollUpButton","decl":{"start":{"line":143,"column":9},"end":{"line":143,"column":30}},"loc":{"start":{"line":146,"column":62},"end":{"line":160,"column":null}}},"9":{"name":"SelectScrollDownButton","decl":{"start":{"line":162,"column":9},"end":{"line":162,"column":32}},"loc":{"start":{"line":165,"column":64},"end":{"line":179,"column":null}}}},"branchMap":{"0":{"loc":{"start":{"line":36,"column":2},"end":{"line":36,"column":18}},"type":"default-arg","locations":[{"start":{"line":36,"column":9},"end":{"line":36,"column":18}}]},"1":{"loc":{"start":{"line":63,"column":2},"end":{"line":63,"column":27}},"type":"default-arg","locations":[{"start":{"line":63,"column":13},"end":{"line":63,"column":27}}]},"2":{"loc":{"start":{"line":64,"column":2},"end":{"line":64,"column":18}},"type":"default-arg","locations":[{"start":{"line":64,"column":10},"end":{"line":64,"column":18}}]},"3":{"loc":{"start":{"line":72,"column":602},"end":{"line":72,"column":755}},"type":"binary-expr","locations":[{"start":{"line":72,"column":602},"end":{"line":72,"column":624}},{"start":{"line":72,"column":624},"end":{"line":72,"column":755}}]},"4":{"loc":{"start":{"line":82,"column":12},"end":{"line":82,"column":null}},"type":"binary-expr","locations":[{"start":{"line":82,"column":12},"end":{"line":82,"column":37}},{"start":{"line":82,"column":37},"end":{"line":82,"column":null}}]}},"s":{"0":6,"1":6,"2":0,"3":18,"4":0,"5":0,"6":0,"7":0,"8":6,"9":6,"10":1,"11":1,"12":1,"13":1},"f":{"0":6,"1":0,"2":6,"3":6,"4":6,"5":0,"6":18,"7":0,"8":6,"9":6},"b":{"0":[6],"1":[6],"2":[6],"3":[6,0],"4":[6,0]}}
,"C:\\Users\\nbfer\\Desktop\\--STUDI--\\Développement d'une solution digitale avec Python\\M-Motors\\m-motors-frontend\\components\\vehicles\\FilterBar.tsx": {"path":"C:\\Users\\nbfer\\Desktop\\--STUDI--\\Développement d'une solution digitale avec Python\\M-Motors\\m-motors-frontend\\components\\vehicles\\FilterBar.tsx","statementMap":{"0":{"start":{"line":31,"column":24},"end":{"line":31,"column":34}},"1":{"start":{"line":14,"column":22},"end":{"line":14,"column":null}},"2":{"start":{"line":21,"column":7},"end":{"line":21,"column":null}},"3":{"start":{"line":22,"column":22},"end":{"line":22,"column":null}},"4":{"start":{"line":23,"column":23},"end":{"line":23,"column":null}},"5":{"start":{"line":24,"column":21},"end":{"line":24,"column":null}},"6":{"start":{"line":72,"column":29},"end":{"line":72,"column":null}},"7":{"start":{"line":84,"column":29},"end":{"line":84,"column":null}},"8":{"start":{"line":98,"column":31},"end":{"line":98,"column":null}},"9":{"start":{"line":110,"column":31},"end":{"line":110,"column":null}}},"fnMap":{"0":{"name":"FilterBar","decl":{"start":{"line":31,"column":24},"end":{"line":31,"column":34}},"loc":{"start":{"line":40,"column":17},"end":{"line":122,"column":null}}},"1":{"name":"(anonymous_2)","decl":{"start":{"line":72,"column":22},"end":{"line":72,"column":23}},"loc":{"start":{"line":72,"column":29},"end":{"line":72,"column":null}}},"2":{"name":"(anonymous_3)","decl":{"start":{"line":84,"column":22},"end":{"line":84,"column":23}},"loc":{"start":{"line":84,"column":29},"end":{"line":84,"column":null}}},"3":{"name":"(anonymous_4)","decl":{"start":{"line":98,"column":24},"end":{"line":98,"column":25}},"loc":{"start":{"line":98,"column":31},"end":{"line":98,"column":null}}},"4":{"name":"(anonymous_5)","decl":{"start":{"line":110,"column":24},"end":{"line":110,"column":25}},"loc":{"start":{"line":110,"column":31},"end":{"line":110,"column":null}}}},"branchMap":{"0":{"loc":{"start":{"line":39,"column":2},"end":{"line":39,"column":24}},"type":"default-arg","locations":[{"start":{"line":39,"column":20},"end":{"line":39,"column":24}}]},"1":{"loc":{"start":{"line":44,"column":9},"end":{"line":44,"column":null}},"type":"binary-expr","locations":[{"start":{"line":44,"column":9},"end":{"line":44,"column":null}}]}},"s":{"0":7,"1":1,"2":1,"3":1,"4":1,"5":1,"6":1,"7":1,"8":1,"9":1},"f":{"0":7,"1":1,"2":1,"3":1,"4":1},"b":{"0":[0],"1":[7]}}
,"C:\\Users\\nbfer\\Desktop\\--STUDI--\\Développement d'une solution digitale avec Python\\M-Motors\\m-motors-frontend\\components\\vehicles\\ImageGallery.tsx": {"path":"C:\\Users\\nbfer\\Desktop\\--STUDI--\\Développement d'une solution digitale avec Python\\M-Motors\\m-motors-frontend\\components\\vehicles\\ImageGallery.tsx","statementMap":{"0":{"start":{"line":23,"column":24},"end":{"line":23,"column":37}},"1":{"start":{"line":9,"column":29},"end":{"line":9,"column":null}},"2":{"start":{"line":10,"column":18},"end":{"line":10,"column":null}},"3":{"start":{"line":11,"column":41},"end":{"line":11,"column":null}},"4":{"start":{"line":12,"column":42},"end":{"line":12,"column":null}},"5":{"start":{"line":13,"column":24},"end":{"line":13,"column":null}},"6":{"start":{"line":27,"column":31},"end":{"line":27,"column":null}},"7":{"start":{"line":28,"column":32},"end":{"line":28,"column":null}},"8":{"start":{"line":29,"column":32},"end":{"line":29,"column":null}},"9":{"start":{"line":32,"column":20},"end":{"line":36,"column":null}},"10":{"start":{"line":33,"column":19},"end":{"line":33,"column":null}},"11":{"start":{"line":36,"column":8},"end":{"line":36,"column":null}},"12":{"start":{"line":40,"column":21},"end":{"line":46,"column":null}},"13":{"start":{"line":41,"column":4},"end":{"line":41,"column":null}},"14":{"start":{"line":42,"column":4},"end":{"line":42,"column":null}},"15":{"start":{"line":42,"column":32},"end":{"line":42,"column":null}},"16":{"start":{"line":43,"column":20},"end":{"line":43,"column":38}},"17":{"start":{"line":44,"column":4},"end":{"line":44,"column":null}},"18":{"start":{"line":45,"column":4},"end":{"line":45,"column":null}},"19":{"start":{"line":50,"column":2},"end":{"line":58,"column":null}},"20":{"start":{"line":51,"column":4},"end":{"line":51,"column":null}},"21":{"start":{"line":51,"column":19},"end":{"line":51,"column":null}},"22":{"start":{"line":52,"column":26},"end":{"line":55,"column":null}},"23":{"start":{"line":53,"column":6},"end":{"line":53,"column":null}},"24":{"start":{"line":54,"column":6},"end":{"line":54,"column":null}},"25":{"start":{"line":56,"column":4},"end":{"line":56,"column":null}},"26":{"start":{"line":57,"column":4},"end":{"line":57,"column":null}},"27":{"start":{"line":60,"column":2},"end":{"line":66,"column":null}},"28":{"start":{"line":73,"column":12},"end":{"line":74,"column":null}},"29":{"start":{"line":91,"column":27},"end":{"line":91,"column":null}},"30":{"start":{"line":98,"column":27},"end":{"line":98,"column":null}}},"fnMap":{"0":{"name":"ImageGallery","decl":{"start":{"line":23,"column":24},"end":{"line":23,"column":37}},"loc":{"start":{"line":26,"column":20},"end":{"line":108,"column":null}}},"1":{"name":"(anonymous_3)","decl":{"start":{"line":33,"column":9},"end":{"line":33,"column":10}},"loc":{"start":{"line":33,"column":19},"end":{"line":33,"column":null}}},"2":{"name":"(anonymous_4)","decl":{"start":{"line":35,"column":6},"end":{"line":35,"column":7}},"loc":{"start":{"line":36,"column":8},"end":{"line":36,"column":null}}},"3":{"name":"(anonymous_5)","decl":{"start":{"line":40,"column":21},"end":{"line":40,"column":22}},"loc":{"start":{"line":40,"column":22},"end":{"line":46,"column":null}}},"4":{"name":"(anonymous_6)","decl":{"start":{"line":50,"column":12},"end":{"line":50,"column":null}},"loc":{"start":{"line":50,"column":12},"end":{"line":58,"column":5}}},"5":{"name":"(anonymous_7)","decl":{"start":{"line":52,"column":26},"end":{"line":52,"column":null}},"loc":{"start":{"line":52,"column":26},"end":{"line":55,"column":null}}},"6":{"name":"(anonymous_8)","decl":{"start":{"line":72,"column":25},"end":{"line":72,"column":26}},"loc":{"start":{"line":73,"column":12},"end":{"line":74,"column":null}}},"7":{"name":"(anonymous_9)","decl":{"start":{"line":91,"column":21},"end":{"line":91,"column":27}},"loc":{"start":{"line":91,"column":27},"end":{"line":91,"column":null}}},"8":{"name":"(anonymous_10)","decl":{"start":{"line":98,"column":21},"end":{"line":98,"column":27}},"loc":{"start":{"line":98,"column":27},"end":{"line":98,"column":null}}}},"branchMap":{"0":{"loc":{"start":{"line":33,"column":19},"end":{"line":33,"column":null}},"type":"cond-expr","locations":[{"start":{"line":33,"column":45},"end":{"line":33,"column":51}},{"start":{"line":33,"column":51},"end":{"line":33,"column":null}}]},"1":{"loc":{"start":{"line":36,"column":8},"end":{"line":36,"column":null}},"type":"binary-expr","locations":[{"start":{"line":36,"column":8},"end":{"line":36,"column":17}},{"start":{"line":36,"column":17},"end":{"line":36,"column":44}},{"start":{"line":36,"column":44},"end":{"line":36,"column":null}}]},"2":{"loc":{"start":{"line":42,"column":4},"end":{"line":42,"column":null}},"type":"if","locations":[{"start":{"line":42,"column":4},"end":{"line":42,"column":null}},{"start":{},"end":{}}]},"3":{"loc":{"start":{"line":51,"column":4},"end":{"line":51,"column":null}},"type":"if","locations":[{"start":{"line":51,"column":4},"end":{"line":51,"column":null}},{"start":{},"end":{}}]},"4":{"loc":{"start":{"line":60,"column":2},"end":{"line":66,"column":null}},"type":"if","locations":[{"start":{"line":60,"column":2},"end":{"line":66,"column":null}},{"start":{},"end":{}}]},"5":{"loc":{"start":{"line":88,"column":7},"end":{"line":88,"column":null}},"type":"binary-expr","locations":[{"start":{"line":88,"column":7},"end":{"line":88,"column":null}}]}},"s":{"0":6,"1":1,"2":1,"3":1,"4":1,"5":1,"6":18,"7":18,"8":18,"9":18,"10":33,"11":33,"12":18,"13":27,"14":27,"15":0,"16":27,"17":27,"18":27,"19":18,"20":12,"21":0,"22":12,"23":12,"24":12,"25":12,"26":12,"27":18,"28":27,"29":0,"30":0},"f":{"0":18,"1":33,"2":33,"3":27,"4":12,"5":12,"6":27,"7":0,"8":0},"b":{"0":[24,9],"1":[33,27,27],"2":[0,27],"3":[0,12],"4":[3,15],"5":[15]}}
,"C:\\Users\\nbfer\\Desktop\\--STUDI--\\Développement d'une solution digitale avec Python\\M-Motors\\m-motors-frontend\\components\\vehicles\\VehicleCard.tsx": {"path":"C:\\Users\\nbfer\\Desktop\\--STUDI--\\Développement d'une solution digitale avec Python\\M-Motors\\m-motors-frontend\\components\\vehicles\\VehicleCard.tsx","statementMap":{"0":{"start":{"line":33,"column":24},"end":{"line":33,"column":36}},"1":{"start":{"line":10,"column":18},"end":{"line":10,"column":null}},"2":{"start":{"line":11,"column":17},"end":{"line":11,"column":null}},"3":{"start":{"line":14,"column":46},"end":{"line":14,"column":null}},"4":{"start":{"line":15,"column":22},"end":{"line":15,"column":null}},"5":{"start":{"line":19,"column":33},"end":{"line":19,"column":null}},"6":{"start":{"line":37,"column":4},"end":{"line":39,"column":74}},"7":{"start":{"line":41,"column":21},"end":{"line":41,"column":null}},"8":{"start":{"line":43,"column":21},"end":{"line":43,"column":40}},"9":{"start":{"line":45,"column":4},"end":{"line":45,"column":null}},"10":{"start":{"line":46,"column":19},"end":{"line":46,"column":null}}},"fnMap":{"0":{"name":"VehicleCard","decl":{"start":{"line":33,"column":24},"end":{"line":33,"column":36}},"loc":{"start":{"line":35,"column":19},"end":{"line":96,"column":null}}}},"branchMap":{"0":{"loc":{"start":{"line":37,"column":4},"end":{"line":39,"column":74}},"type":"cond-expr","locations":[{"start":{"line":38,"column":8},"end":{"line":38,"column":67}},{"start":{"line":39,"column":8},"end":{"line":39,"column":74}}]},"1":{"loc":{"start":{"line":38,"column":20},"end":{"line":38,"column":47}},"type":"binary-expr","locations":[{"start":{"line":38,"column":20},"end":{"line":38,"column":38}},{"start":{"line":38,"column":42},"end":{"line":38,"column":47}}]},"2":{"loc":{"start":{"line":39,"column":20},"end":{"line":39,"column":47}},"type":"binary-expr","locations":[{"start":{"line":39,"column":20},"end":{"line":39,"column":38}},{"start":{"line":39,"column":42},"end":{"line":39,"column":47}}]},"3":{"loc":{"start":{"line":41,"column":21},"end":{"line":41,"column":null}},"type":"cond-expr","locations":[{"start":{"line":41,"column":55},"end":{"line":41,"column":65}},{"start":{"line":41,"column":65},"end":{"line":41,"column":null}}]},"4":{"loc":{"start":{"line":45,"column":4},"end":{"line":45,"column":null}},"type":"cond-expr","locations":[{"start":{"line":45,"column":37},"end":{"line":45,"column":50}},{"start":{"line":45,"column":50},"end":{"line":45,"column":null}}]},"5":{"loc":{"start":{"line":45,"column":50},"end":{"line":45,"column":null}},"type":"binary-expr","locations":[{"start":{"line":45,"column":50},"end":{"line":45,"column":71}},{"start":{"line":45,"column":71},"end":{"line":45,"column":null}}]},"6":{"loc":{"start":{"line":67,"column":13},"end":{"line":67,"column":25}},"type":"binary-expr","locations":[{"start":{"line":67,"column":13},"end":{"line":67,"column":25}}]},"7":{"loc":{"start":{"line":72,"column":13},"end":{"line":72,"column":28}},"type":"binary-expr","locations":[{"start":{"line":72,"column":13},"end":{"line":72,"column":28}}]},"8":{"loc":{"start":{"line":81,"column":16},"end":{"line":81,"column":null}},"type":"cond-expr","locations":[{"start":{"line":81,"column":50},"end":{"line":81,"column":62}},{"start":{"line":81,"column":62},"end":{"line":81,"column":null}}]}},"s":{"0":4,"1":1,"2":1,"3":1,"4":1,"5":1,"6":4,"7":4,"8":4,"9":4,"10":4},"f":{"0":4},"b":{"0":[3,1],"1":[3,0],"2":[1,0],"3":[3,1],"4":[0,4],"5":[4,1],"6":[4],"7":[4],"8":[3,1]}}
,"C:\\Users\\nbfer\\Desktop\\--STUDI--\\Développement d'une solution digitale avec Python\\M-Motors\\m-motors-frontend\\constants\\api.ts": {"path":"C:\\Users\\nbfer\\Desktop\\--STUDI--\\Développement d'une solution digitale avec Python\\M-Motors\\m-motors-frontend\\constants\\api.ts","statementMap":{"0":{"start":{"line":1,"column":13},"end":{"line":1,"column":null}},"1":{"start":{"line":2,"column":2},"end":{"line":2,"column":null}}},"fnMap":{},"branchMap":{"0":{"loc":{"start":{"line":2,"column":2},"end":{"line":2,"column":null}},"type":"binary-expr","locations":[{"start":{"line":2,"column":2},"end":{"line":2,"column":33}},{"start":{"line":2,"column":37},"end":{"line":2,"column":null}}]}},"s":{"0":0,"1":1},"f":{},"b":{"0":[1,0]}}
,"C:\\Users\\nbfer\\Desktop\\--STUDI--\\Développement d'une solution digitale avec Python\\M-Motors\\m-motors-frontend\\lib\\utils.ts": {"path":"C:\\Users\\nbfer\\Desktop\\--STUDI--\\Développement d'une solution digitale avec Python\\M-Motors\\m-motors-frontend\\lib\\utils.ts","statementMap":{"0":{"start":{"line":5,"column":16},"end":{"line":5,"column":19}},"1":{"start":{"line":9,"column":13},"end":{"line":9,"column":32}},"2":{"start":{"line":1,"column":24},"end":{"line":1,"column":null}},"3":{"start":{"line":2,"column":38},"end":{"line":2,"column":null}},"4":{"start":{"line":3,"column":24},"end":{"line":3,"column":null}},"5":{"start":{"line":6,"column":2},"end":{"line":6,"column":null}},"6":{"start":{"line":9,"column":32},"end":{"line":19,"column":null}},"7":{"start":{"line":10,"column":2},"end":{"line":12,"column":null}},"8":{"start":{"line":11,"column":4},"end":{"line":11,"column":null}},"9":{"start":{"line":13,"column":2},"end":{"line":15,"column":null}},"10":{"start":{"line":14,"column":4},"end":{"line":14,"column":null}},"11":{"start":{"line":16,"column":18},"end":{"line":16,"column":36}},"12":{"start":{"line":18,"column":2},"end":{"line":18,"column":null}}},"fnMap":{"0":{"name":"cn","decl":{"start":{"line":5,"column":16},"end":{"line":5,"column":19}},"loc":{"start":{"line":5,"column":42},"end":{"line":7,"column":null}}},"1":{"name":"(anonymous_4)","decl":{"start":{"line":9,"column":32},"end":{"line":9,"column":33}},"loc":{"start":{"line":9,"column":33},"end":{"line":19,"column":null}}}},"branchMap":{"0":{"loc":{"start":{"line":10,"column":2},"end":{"line":12,"column":null}},"type":"if","locations":[{"start":{"line":10,"column":2},"end":{"line":12,"column":null}},{"start":{},"end":{}}]},"1":{"loc":{"start":{"line":10,"column":6},"end":{"line":10,"column":60}},"type":"binary-expr","locations":[{"start":{"line":10,"column":6},"end":{"line":10,"column":14}},{"start":{"line":10,"column":14},"end":{"line":10,"column":41}},{"start":{"line":10,"column":41},"end":{"line":10,"column":60}}]},"2":{"loc":{"start":{"line":13,"column":2},"end":{"line":15,"column":null}},"type":"if","locations":[{"start":{"line":13,"column":2},"end":{"line":15,"column":null}},{"start":{},"end":{}}]},"3":{"loc":{"start":{"line":13,"column":6},"end":{"line":13,"column":63}},"type":"binary-expr","locations":[{"start":{"line":13,"column":6},"end":{"line":13,"column":35}},{"start":{"line":13,"column":35},"end":{"line":13,"column":63}}]}},"s":{"0":124,"1":0,"2":1,"3":1,"4":1,"5":124,"6":1,"7":0,"8":0,"9":0,"10":0,"11":0,"12":0},"f":{"0":124,"1":0},"b":{"0":[0,0],"1":[0,0,0],"2":[0,0],"3":[0,0]}}
}
