TN:
SF:components\ui\badge.tsx
FN:30,Badge
FNF:1
FNH:1
FNDA:4,Badge
DA:1,1
DA:2,1
DA:3,1
DA:5,1
DA:7,1
DA:37,4
DA:49,4
LF:7
LH:7
BRDA:32,0,0,0
BRDA:33,1,0,4
BRDA:37,2,0,0
BRDA:37,2,1,4
BRF:4
BRH:2
end_of_record
TN:
SF:components\ui\button.tsx
FN:44,Button
FNF:1
FNH:1
FNDA:7,Button
DA:1,1
DA:2,1
DA:3,1
DA:5,1
DA:7,1
DA:54,7
DA:67,7
LF:7
LH:7
BRDA:46,0,0,0
BRDA:47,1,0,7
BRDA:48,2,0,7
BRDA:54,3,0,0
BRDA:54,3,1,7
BRF:5
BRH:3
end_of_record
TN:
SF:components\ui\card.tsx
FN:5,Card
FN:23,CardHeader
FN:36,CardTitle
FN:49,CardDescription
FN:59,CardAction
FN:72,CardContent
FN:82,CardFooter
FNF:7
FNH:3
FNDA:11,Card
FNDA:4,CardHeader
FNDA:0,CardTitle
FNDA:0,CardDescription
FNDA:0,CardAction
FNDA:4,CardContent
FNDA:0,CardFooter
DA:1,2
DA:3,2
DA:96,11
DA:97,4
DA:98,0
DA:99,0
DA:100,0
DA:101,0
DA:102,4
LF:9
LH:5
BRDA:7,0,0,11
BRF:1
BRH:1
end_of_record
TN:
SF:components\ui\input.tsx
FN:5,Input
FNF:1
FNH:1
FNDA:28,Input
DA:1,1
DA:3,1
DA:19,28
LF:3
LH:3
BRF:0
BRH:0
end_of_record
TN:
SF:components\ui\label.tsx
FN:8,Label
FNF:1
FNH:1
FNDA:34,Label
DA:3,1
DA:4,1
DA:6,1
DA:24,34
LF:4
LH:4
BRF:0
BRH:0
end_of_record
TN:
SF:components\ui\select.tsx
FN:9,Select
FN:15,SelectGroup
FN:28,SelectValue
FN:34,SelectTrigger
FN:60,SelectContent
FN:93,SelectLabel
FN:106,SelectItem
FN:130,SelectSeparator
FN:143,SelectScrollUpButton
FN:162,SelectScrollDownButton
FNF:10
FNH:7
FNDA:6,Select
FNDA:0,SelectGroup
FNDA:6,SelectValue
FNDA:6,SelectTrigger
FNDA:6,SelectContent
FNDA:0,SelectLabel
FNDA:18,SelectItem
FNDA:0,SelectSeparator
FNDA:6,SelectScrollUpButton
FNDA:6,SelectScrollDownButton
DA:3,1
DA:4,1
DA:6,1
DA:7,1
DA:182,6
DA:183,6
DA:184,0
DA:185,18
DA:186,0
DA:187,0
DA:188,0
DA:189,0
DA:190,6
DA:191,6
LF:14
LH:9
BRDA:36,0,0,6
BRDA:63,1,0,6
BRDA:64,2,0,6
BRDA:72,3,0,6
BRDA:72,3,1,0
BRDA:82,4,0,6
BRDA:82,4,1,0
BRF:7
BRH:5
end_of_record
TN:
SF:components\vehicles\FilterBar.tsx
FN:31,FilterBar
FN:72,(anonymous_2)
FN:84,(anonymous_3)
FN:98,(anonymous_4)
FN:110,(anonymous_5)
FNF:5
FNH:5
FNDA:7,FilterBar
FNDA:1,(anonymous_2)
FNDA:1,(anonymous_3)
FNDA:1,(anonymous_4)
FNDA:1,(anonymous_5)
DA:14,1
DA:21,1
DA:22,1
DA:23,1
DA:24,1
DA:31,7
DA:72,1
DA:84,1
DA:98,1
DA:110,1
LF:10
LH:10
BRDA:39,0,0,0
BRDA:44,1,0,7
BRF:2
BRH:1
end_of_record
TN:
SF:components\vehicles\ImageGallery.tsx
FN:23,ImageGallery
FN:33,(anonymous_3)
FN:35,(anonymous_4)
FN:40,(anonymous_5)
FN:50,(anonymous_6)
FN:52,(anonymous_7)
FN:72,(anonymous_8)
FN:91,(anonymous_9)
FN:98,(anonymous_10)
FNF:9
FNH:7
FNDA:18,ImageGallery
FNDA:33,(anonymous_3)
FNDA:33,(anonymous_4)
FNDA:27,(anonymous_5)
FNDA:12,(anonymous_6)
FNDA:12,(anonymous_7)
FNDA:27,(anonymous_8)
FNDA:0,(anonymous_9)
FNDA:0,(anonymous_10)
DA:9,1
DA:10,1
DA:11,1
DA:12,1
DA:13,1
DA:23,6
DA:27,18
DA:28,18
DA:29,18
DA:32,18
DA:33,33
DA:36,33
DA:40,18
DA:41,27
DA:42,27
DA:43,27
DA:44,27
DA:45,27
DA:50,18
DA:51,12
DA:52,12
DA:53,12
DA:54,12
DA:56,12
DA:57,12
DA:60,18
DA:73,27
DA:91,0
DA:98,0
LF:29
LH:27
BRDA:33,0,0,24
BRDA:33,0,1,9
BRDA:36,1,0,33
BRDA:36,1,1,27
BRDA:36,1,2,27
BRDA:42,2,0,0
BRDA:42,2,1,27
BRDA:51,3,0,0
BRDA:51,3,1,12
BRDA:60,4,0,3
BRDA:60,4,1,15
BRDA:88,5,0,15
BRF:12
BRH:10
end_of_record
TN:
SF:components\vehicles\VehicleCard.tsx
FN:33,VehicleCard
FNF:1
FNH:1
FNDA:4,VehicleCard
DA:10,1
DA:11,1
DA:14,1
DA:15,1
DA:19,1
DA:33,4
DA:37,4
DA:41,4
DA:43,4
DA:45,4
DA:46,4
LF:11
LH:11
BRDA:37,0,0,3
BRDA:37,0,1,1
BRDA:38,1,0,3
BRDA:38,1,1,0
BRDA:39,2,0,1
BRDA:39,2,1,0
BRDA:41,3,0,3
BRDA:41,3,1,1
BRDA:45,4,0,0
BRDA:45,4,1,4
BRDA:45,5,0,4
BRDA:45,5,1,1
BRDA:67,6,0,4
BRDA:72,7,0,4
BRDA:81,8,0,3
BRDA:81,8,1,1
BRF:16
BRH:13
end_of_record
TN:
SF:constants\api.ts
FNF:0
FNH:0
DA:1,0
DA:2,1
LF:2
LH:1
BRDA:2,0,0,1
BRDA:2,0,1,0
BRF:2
BRH:1
end_of_record
TN:
SF:lib\utils.ts
FN:5,cn
FN:9,(anonymous_4)
FNF:2
FNH:1
FNDA:124,cn
FNDA:0,(anonymous_4)
DA:1,1
DA:2,1
DA:3,1
DA:5,124
DA:6,124
DA:9,1
DA:10,0
DA:11,0
DA:13,0
DA:14,0
DA:16,0
DA:18,0
LF:12
LH:6
BRDA:10,0,0,0
BRDA:10,0,1,0
BRDA:10,1,0,0
BRDA:10,1,1,0
BRDA:10,1,2,0
BRDA:13,2,0,0
BRDA:13,2,1,0
BRDA:13,3,0,0
BRDA:13,3,1,0
BRF:9
BRH:0
end_of_record
